<?xml version="1.0" encoding="UTF-8"?>
<!-- Generated by org.testng.reporters.JUnitReportReporter -->
<testsuite skipped="0" hostname="PG168" name="com.integra.testscript.Program_Role_testscript" tests="2" failures="0" timestamp="28 Apr 2019 18:26:14 GMT" time="62.512" errors="0">
  <testcase name="validateProgram_RoleTitle" time="31.790" classname="com.integra.testscript.Program_Role_testscript"/>
  <testcase name="Program_RoleTest" time="30.722" classname="com.integra.testscript.Program_Role_testscript"/>
</testsuite> <!-- com.integra.testscript.Program_Role_testscript -->
