<?xml version="1.0" encoding="UTF-8"?>
<!-- Generated by org.testng.reporters.JUnitReportReporter -->
<testsuite skipped="0" hostname="PG168" name="com.integra.testscript.LoginPageTestCase" tests="2" failures="0" timestamp="29 Apr 2019 05:45:57 GMT" time="90.720" errors="0">
  <testcase name="LoginPageTitleTest" time="53.677" classname="com.integra.testscript.LoginPageTestCase"/>
  <testcase name="LoginTest" time="37.043" classname="com.integra.testscript.LoginPageTestCase"/>
</testsuite> <!-- com.integra.testscript.LoginPageTestCase -->
