<?xml version="1.0" encoding="UTF-8"?>
<!-- Generated by org.testng.reporters.JUnitReportReporter -->
<testsuite skipped="0" hostname="PG168" name="com.integra.testscript.Create_Support_Coordinator_TestScript" tests="2" failures="0" timestamp="29 Apr 2019 05:40:07 GMT" time="70.114" errors="0">
  <testcase name="validate_Support_Coordinator_title" time="24.622" classname="com.integra.testscript.Create_Support_Coordinator_TestScript"/>
  <testcase name="Create_New_SC_Profile" time="45.492" classname="com.integra.testscript.Create_Support_Coordinator_TestScript"/>
</testsuite> <!-- com.integra.testscript.Create_Support_Coordinator_TestScript -->
