<?xml version="1.0" encoding="UTF-8"?>
<!-- Generated by org.testng.reporters.JUnitReportReporter -->
<testsuite skipped="0" hostname="PG168" name="com.integra.testscript.LoginPageTestCase" tests="2" failures="0" timestamp="02 May 2019 05:46:04 GMT" time="57.214" errors="0">
  <testcase name="LoginPageTitleTest" time="35.873" classname="com.integra.testscript.LoginPageTestCase"/>
  <testcase name="LoginTest" time="21.341" classname="com.integra.testscript.LoginPageTestCase"/>
</testsuite> <!-- com.integra.testscript.LoginPageTestCase -->
