<?xml version="1.0" encoding="UTF-8"?>
<!-- Generated by org.testng.reporters.JUnitReportReporter -->
<testsuite skipped="0" hostname="PG168" name="Date_Picker_Demo.DatePickerDemo" tests="1" failures="0" timestamp="03 May 2019 07:07:02 GMT" time="20.452" errors="0">
  <testcase name="SelectDateFromKendoCalendar" time="20.452" classname="Date_Picker_Demo.DatePickerDemo"/>
</testsuite> <!-- Date_Picker_Demo.DatePickerDemo -->
