<?xml version="1.0" encoding="UTF-8"?>
<!-- Generated by org.testng.reporters.JUnitReportReporter -->
<testsuite skipped="0" hostname="PG168" name="com.integra.testscript.HomePageTestScript" tests="2" failures="0" timestamp="28 Apr 2019 18:26:13 GMT" time="60.407" errors="0">
  <testcase name="validate_SC_Search_title" time="28.612" classname="com.integra.testscript.HomePageTestScript"/>
  <testcase name="Click_On_Support_Coordinator" time="31.795" classname="com.integra.testscript.HomePageTestScript"/>
</testsuite> <!-- com.integra.testscript.HomePageTestScript -->
